<?xml version="1.0" encoding="UTF-8"?>
<testsuite xmlns:xsi="http://www.w3.org/2001/XMLSchema-instance" xsi:noNamespaceSchemaLocation="https://maven.apache.org/surefire/maven-surefire-plugin/xsd/surefire-test-report-3.0.xsd" version="3.0" name="com.softserveinc.application.player.PlayerAnalyzerTest" time="0.196" tests="6" errors="0" skipped="0" failures="0">
  <properties>
[...]
</properties>
  <testcase name="testEmptyArray" classname="com.softserveinc.application.player.PlayerAnalyzerTest" time="0.077"/>
  <testcase name="testSkillsIsNull(Player)[1]" classname="com.softserveinc.application.player.PlayerAnalyzerTest" time="0.026"/>
  <testcase name="testNormalPlayer(Player, double)[1]" classname="com.softserveinc.application.player.PlayerAnalyzerTest" time="0.002"/>
  <testcase name="testMultiplePlayers(Player, Player, Player, double)[1]" classname="com.softserveinc.application.player.PlayerAnalyzerTest" time="0.001"/>
  <testcase name="testSeniorPlayer(Player, double)[1]" classname="com.softserveinc.application.player.PlayerAnalyzerTest" time="0.001"/>
  <testcase name="testJuniorPlayer(Player, double)[1]" classname="com.softserveinc.application.player.PlayerAnalyzerTest" time="0.001"/>
</testsuite>